<?xml version="1.0" encoding="UTF-8"?>
<!-- Generated by org.testng.reporters.JUnitReportReporter -->
<testsuite skipped="0" hostname="DESKTOP-RL782DJ" name="cl.devartisan.UdemyTestNG.TestClass1" tests="2" failures="0" timestamp="2020-02-16T02:10:29 CET" time="17.024" errors="0">
  <testcase name="Test2" time="9.319" classname="cl.devartisan.UdemyTestNG.TestClass1"/>
  <system-out/>
  <testcase name="Test1" time="7.705" classname="cl.devartisan.UdemyTestNG.TestClass1"/>
  <system-out/>
</testsuite> <!-- cl.devartisan.UdemyTestNG.TestClass1 -->
