<?xml version="1.0" encoding="UTF-8"?>
<!-- Generated by org.testng.reporters.JUnitReportReporter -->
<testsuite skipped="0" hostname="DESKTOP-RL782DJ" name="cl.devartisan.UdemyTestNG.TestClass1" tests="2" failures="0" timestamp="2020-02-16T02:12:03 CET" time="16.221" errors="0">
  <testcase name="Test1" time="8.178" classname="cl.devartisan.UdemyTestNG.TestClass1"/>
  <system-out/>
  <testcase name="Test2" time="8.043" classname="cl.devartisan.UdemyTestNG.TestClass1"/>
  <system-out/>
</testsuite> <!-- cl.devartisan.UdemyTestNG.TestClass1 -->
